# JRE version: OpenJDK Runtime Environment (21.0.5) (build 21.0.5+-13047016-b750.29)
# Java VM: OpenJDK 64-Bit Server VM (21.0.5+-13047016-b750.29, mixed mode, tiered, compressed oops, compressed class ptrs, g1 gc, windows-amd64)
GC Precious Log:
 CardTable entry size: 512
 Card Set container configuration: InlinePtr #cards 5 size 8 Array Of Cards #cards 12 size 40 Howl #buckets 4 coarsen threshold 1843 Howl Bitmap #cards 512 size 80 coarsen threshold 460 Card regions per heap region 1 cards per card region 2048
 CPUs: 20 total, 20 available
 Memory: 7911M
 Large Page Support: Disabled
 NUMA Support: Disabled
 Compressed Oops: Enabled (32-bit)
 Heap Region Size: 1M
 Heap Min Capacity: 8M
 Heap Initial Capacity: 124M
 Heap Max Capacity: 1978M
 Pre-touch: Disabled
 Parallel Workers: 15
 Concurrent Workers: 4
 Concurrent Refinement Workers: 15
 Periodic GC: Disabled
Heap:
 garbage-first heap   total 54272K, used 32860K [0x0000000084600000, 0x0000000100000000)
  region size 1024K, 3 young (3072K), 3 survivors (3072K)
 Metaspace       used 51139K, committed 51840K, reserved 1114112K
  class space    used 5993K, committed 6336K, reserved 1048576K
GC Heap History (20 events):
Event: 0.939 GC heap after
{Heap after GC invocations=5 (full 0):
 garbage-first heap   total 32768K, used 15360K [0x0000000084600000, 0x0000000100000000)
  region size 1024K, 2 young (2048K), 2 survivors (2048K)
 Metaspace       used 25294K, committed 25536K, reserved 1114112K
  class space    used 3163K, committed 3264K, reserved 1048576K
}
Event: 1.086 GC heap before
{Heap before GC invocations=5 (full 0):
 garbage-first heap   total 32768K, used 26624K [0x0000000084600000, 0x0000000100000000)
  region size 1024K, 13 young (13312K), 2 survivors (2048K)
 Metaspace       used 28745K, committed 28992K, reserved 1114112K
  class space    used 3530K, committed 3648K, reserved 1048576K
}
Event: 1.094 GC heap after
{Heap after GC invocations=6 (full 0):
 garbage-first heap   total 32768K, used 17206K [0x0000000084600000, 0x0000000100000000)
  region size 1024K, 2 young (2048K), 2 survivors (2048K)
 Metaspace       used 28745K, committed 28992K, reserved 1114112K
  class space    used 3530K, committed 3648K, reserved 1048576K
}
Event: 1.232 GC heap before
{Heap before GC invocations=6 (full 0):
 garbage-first heap   total 32768K, used 26422K [0x0000000084600000, 0x0000000100000000)
  region size 1024K, 11 young (11264K), 2 survivors (2048K)
 Metaspace       used 30626K, committed 30848K, reserved 1114112K
  class space    used 3740K, committed 3840K, reserved 1048576K
}
Event: 1.235 GC heap after
{Heap after GC invocations=7 (full 0):
 garbage-first heap   total 45056K, used 16225K [0x0000000084600000, 0x0000000100000000)
  region size 1024K, 2 young (2048K), 2 survivors (2048K)
 Metaspace       used 30626K, committed 30848K, reserved 1114112K
  class space    used 3740K, committed 3840K, reserved 1048576K
}
Event: 1.421 GC heap before
{Heap before GC invocations=8 (full 0):
 garbage-first heap   total 45056K, used 35681K [0x0000000084600000, 0x0000000100000000)
  region size 1024K, 22 young (22528K), 2 survivors (2048K)
 Metaspace       used 34932K, committed 35200K, reserved 1114112K
  class space    used 4111K, committed 4224K, reserved 1048576K
}
Event: 1.425 GC heap after
{Heap after GC invocations=9 (full 0):
 garbage-first heap   total 45056K, used 18415K [0x0000000084600000, 0x0000000100000000)
  region size 1024K, 3 young (3072K), 3 survivors (3072K)
 Metaspace       used 34932K, committed 35200K, reserved 1114112K
  class space    used 4111K, committed 4224K, reserved 1048576K
}
Event: 4.675 GC heap before
{Heap before GC invocations=9 (full 0):
 garbage-first heap   total 45056K, used 37871K [0x0000000084600000, 0x0000000100000000)
  region size 1024K, 22 young (22528K), 3 survivors (3072K)
 Metaspace       used 37998K, committed 38592K, reserved 1114112K
  class space    used 4527K, committed 4800K, reserved 1048576K
}
Event: 4.719 GC heap after
{Heap after GC invocations=10 (full 0):
 garbage-first heap   total 45056K, used 19742K [0x0000000084600000, 0x0000000100000000)
  region size 1024K, 2 young (2048K), 2 survivors (2048K)
 Metaspace       used 37998K, committed 38592K, reserved 1114112K
  class space    used 4527K, committed 4800K, reserved 1048576K
}
Event: 4.975 GC heap before
{Heap before GC invocations=10 (full 0):
 garbage-first heap   total 45056K, used 38174K [0x0000000084600000, 0x0000000100000000)
  region size 1024K, 20 young (20480K), 2 survivors (2048K)
 Metaspace       used 42638K, committed 43328K, reserved 1114112K
  class space    used 5075K, committed 5440K, reserved 1048576K
}
Event: 4.978 GC heap after
{Heap after GC invocations=11 (full 0):
 garbage-first heap   total 45056K, used 21795K [0x0000000084600000, 0x0000000100000000)
  region size 1024K, 3 young (3072K), 3 survivors (3072K)
 Metaspace       used 42638K, committed 43328K, reserved 1114112K
  class space    used 5075K, committed 5440K, reserved 1048576K
}
Event: 5.022 GC heap before
{Heap before GC invocations=11 (full 0):
 garbage-first heap   total 45056K, used 24867K [0x0000000084600000, 0x0000000100000000)
  region size 1024K, 7 young (7168K), 3 survivors (3072K)
 Metaspace       used 43598K, committed 44416K, reserved 1114112K
  class space    used 5171K, committed 5568K, reserved 1048576K
}
Event: 5.028 GC heap after
{Heap after GC invocations=12 (full 0):
 garbage-first heap   total 54272K, used 22635K [0x0000000084600000, 0x0000000100000000)
  region size 1024K, 1 young (1024K), 1 survivors (1024K)
 Metaspace       used 43598K, committed 44416K, reserved 1114112K
  class space    used 5171K, committed 5568K, reserved 1048576K
}
Event: 5.299 GC heap before
{Heap before GC invocations=12 (full 0):
 garbage-first heap   total 54272K, used 44139K [0x0000000084600000, 0x0000000100000000)
  region size 1024K, 21 young (21504K), 1 survivors (1024K)
 Metaspace       used 47543K, committed 48320K, reserved 1114112K
  class space    used 5644K, committed 6016K, reserved 1048576K
}
Event: 5.304 GC heap after
{Heap after GC invocations=13 (full 0):
 garbage-first heap   total 54272K, used 27467K [0x0000000084600000, 0x0000000100000000)
  region size 1024K, 3 young (3072K), 3 survivors (3072K)
 Metaspace       used 47543K, committed 48320K, reserved 1114112K
  class space    used 5644K, committed 6016K, reserved 1048576K
}
Event: 5.354 GC heap before
{Heap before GC invocations=14 (full 0):
 garbage-first heap   total 54272K, used 46923K [0x0000000084600000, 0x0000000100000000)
  region size 1024K, 22 young (22528K), 3 survivors (3072K)
 Metaspace       used 47563K, committed 48320K, reserved 1114112K
  class space    used 5644K, committed 6016K, reserved 1048576K
}
Event: 5.395 GC heap after
{Heap after GC invocations=15 (full 0):
 garbage-first heap   total 54272K, used 28704K [0x0000000084600000, 0x0000000100000000)
  region size 1024K, 2 young (2048K), 2 survivors (2048K)
 Metaspace       used 47563K, committed 48320K, reserved 1114112K
  class space    used 5644K, committed 6016K, reserved 1048576K
}
Event: 5.556 GC heap before
{Heap before GC invocations=15 (full 0):
 garbage-first heap   total 54272K, used 47136K [0x0000000084600000, 0x0000000100000000)
  region size 1024K, 20 young (20480K), 2 survivors (2048K)
 Metaspace       used 48384K, committed 49152K, reserved 1114112K
  class space    used 5691K, committed 6080K, reserved 1048576K
}
Event: 5.560 GC heap after
{Heap after GC invocations=16 (full 0):
 garbage-first heap   total 54272K, used 30366K [0x0000000084600000, 0x0000000100000000)
  region size 1024K, 3 young (3072K), 3 survivors (3072K)
 Metaspace       used 48384K, committed 49152K, reserved 1114112K
  class space    used 5691K, committed 6080K, reserved 1048576K
}
Event: 5.737 GC heap before
{Heap before GC invocations=16 (full 0):
 garbage-first heap   total 54272K, used 46750K [0x0000000084600000, 0x0000000100000000)
  region size 1024K, 19 young (19456K), 3 survivors (3072K)
 Metaspace       used 51139K, committed 51840K, reserved 1114112K
  class space    used 5993K, committed 6336K, reserved 1048576K
}

