# JRE version: OpenJDK Runtime Environment (21.0.4) (build 21.0.4+-12508038-b607.1)
# Java VM: OpenJDK 64-Bit Server VM (21.0.4+-12508038-b607.1, mixed mode, tiered, compressed oops, compressed class ptrs, g1 gc, windows-amd64)
GC Precious Log:
 CardTable entry size: 512
 Card Set container configuration: InlinePtr #cards 5 size 8 Array Of Cards #cards 12 size 40 Howl #buckets 4 coarsen threshold 1843 Howl Bitmap #cards 512 size 80 coarsen threshold 460 Card regions per heap region 1 cards per card region 2048
 CPUs: 20 total, 20 available
 Memory: 7911M
 Large Page Support: Disabled
 NUMA Support: Disabled
 Compressed Oops: Enabled (32-bit)
 Heap Region Size: 1M
 Heap Min Capacity: 8M
 Heap Initial Capacity: 124M
 Heap Max Capacity: 1978M
 Pre-touch: Disabled
 Parallel Workers: 15
 Concurrent Workers: 4
 Concurrent Refinement Workers: 15
 Periodic GC: Disabled
Heap:
 garbage-first heap   total 36864K, used 17826K [0x0000000084600000, 0x0000000100000000)
  region size 1024K, 2 young (2048K), 2 survivors (2048K)
 Metaspace       used 32938K, committed 33152K, reserved 1114112K
  class space    used 3964K, committed 4096K, reserved 1048576K
GC Heap History (11 events):
Event: 0.453 GC heap before
{Heap before GC invocations=0 (full 0):
 garbage-first heap   total 126976K, used 27648K [0x0000000084600000, 0x0000000100000000)
  region size 1024K, 23 young (23552K), 0 survivors (0K)
 Metaspace       used 14805K, committed 14976K, reserved 1114112K
  class space    used 1445K, committed 1536K, reserved 1048576K
}
Event: 0.457 GC heap after
{Heap after GC invocations=1 (full 0):
 garbage-first heap   total 126976K, used 6962K [0x0000000084600000, 0x0000000100000000)
  region size 1024K, 3 young (3072K), 3 survivors (3072K)
 Metaspace       used 14805K, committed 14976K, reserved 1114112K
  class space    used 1445K, committed 1536K, reserved 1048576K
}
Event: 1.739 GC heap before
{Heap before GC invocations=1 (full 0):
 garbage-first heap   total 126976K, used 26418K [0x0000000084600000, 0x0000000100000000)
  region size 1024K, 23 young (23552K), 3 survivors (3072K)
 Metaspace       used 21365K, committed 21504K, reserved 1114112K
  class space    used 2217K, committed 2304K, reserved 1048576K
}
Event: 1.744 GC heap after
{Heap after GC invocations=2 (full 0):
 garbage-first heap   total 126976K, used 8168K [0x0000000084600000, 0x0000000100000000)
  region size 1024K, 2 young (2048K), 2 survivors (2048K)
 Metaspace       used 21365K, committed 21504K, reserved 1114112K
  class space    used 2217K, committed 2304K, reserved 1048576K
}
Event: 2.007 GC heap before
{Heap before GC invocations=3 (full 0):
 garbage-first heap   total 30720K, used 28648K [0x0000000084600000, 0x0000000100000000)
  region size 1024K, 21 young (21504K), 2 survivors (2048K)
 Metaspace       used 23676K, committed 23936K, reserved 1114112K
  class space    used 2785K, committed 2880K, reserved 1048576K
}
Event: 2.013 GC heap after
{Heap after GC invocations=4 (full 0):
 garbage-first heap   total 36864K, used 14598K [0x0000000084600000, 0x0000000100000000)
  region size 1024K, 6 young (6144K), 6 survivors (6144K)
 Metaspace       used 23676K, committed 23936K, reserved 1114112K
  class space    used 2785K, committed 2880K, reserved 1048576K
}
Event: 2.166 GC heap before
{Heap before GC invocations=4 (full 0):
 garbage-first heap   total 36864K, used 26886K [0x0000000084600000, 0x0000000100000000)
  region size 1024K, 18 young (18432K), 6 survivors (6144K)
 Metaspace       used 26884K, committed 27072K, reserved 1114112K
  class space    used 3352K, committed 3392K, reserved 1048576K
}
Event: 2.171 GC heap after
{Heap after GC invocations=5 (full 0):
 garbage-first heap   total 36864K, used 16058K [0x0000000084600000, 0x0000000100000000)
  region size 1024K, 2 young (2048K), 2 survivors (2048K)
 Metaspace       used 26884K, committed 27072K, reserved 1114112K
  class space    used 3352K, committed 3392K, reserved 1048576K
}
Event: 2.406 GC heap before
{Heap before GC invocations=5 (full 0):
 garbage-first heap   total 36864K, used 28346K [0x0000000084600000, 0x0000000100000000)
  region size 1024K, 15 young (15360K), 2 survivors (2048K)
 Metaspace       used 29987K, committed 30208K, reserved 1114112K
  class space    used 3670K, committed 3776K, reserved 1048576K
}
Event: 2.410 GC heap after
{Heap after GC invocations=6 (full 0):
 garbage-first heap   total 36864K, used 16184K [0x0000000084600000, 0x0000000100000000)
  region size 1024K, 2 young (2048K), 2 survivors (2048K)
 Metaspace       used 29987K, committed 30208K, reserved 1114112K
  class space    used 3670K, committed 3776K, reserved 1048576K
}
Event: 2.616 GC heap before
{Heap before GC invocations=6 (full 0):
 garbage-first heap   total 36864K, used 30520K [0x0000000084600000, 0x0000000100000000)
  region size 1024K, 16 young (16384K), 2 survivors (2048K)
 Metaspace       used 32938K, committed 33152K, reserved 1114112K
  class space    used 3964K, committed 4096K, reserved 1048576K
}

